

============================== 2023-01-16 10:08:27.536469 | dd3279cf-efe3-46db-b76b-8b7153d10f3c ==============================
[0m10:08:27.536475 [info ] [MainThread]: Running with dbt=1.3.1
[0m10:08:27.536748 [debug] [MainThread]: running dbt with arguments {'write_json': True, 'use_colors': True, 'printer_width': 80, 'version_check': True, 'partial_parse': True, 'static_parser': True, 'profiles_dir': '/Users/mikhailmaniagin/.dbt', 'send_anonymous_usage_stats': True, 'event_buffer_size': 100000, 'quiet': False, 'no_print': False, 'skip_profile_setup': False, 'which': 'init', 'indirect_selection': 'eager'}
[0m10:08:27.536834 [debug] [MainThread]: Tracking: tracking
[0m10:08:27.555843 [debug] [MainThread]: Sending event: {'category': 'dbt', 'action': 'invocation', 'label': 'start', 'context': [<snowplow_tracker.self_describing_json.SelfDescribingJson object at 0x108fd8be0>, <snowplow_tracker.self_describing_json.SelfDescribingJson object at 0x108fd8d60>, <snowplow_tracker.self_describing_json.SelfDescribingJson object at 0x108fd8e80>]}
[0m10:08:27.556447 [info ] [MainThread]: Creating dbt configuration folder at /Users/mikhailmaniagin/.dbt
[0m10:08:49.210915 [debug] [MainThread]: Starter project path: /opt/homebrew/Cellar/dbt-postgres/1.3.1/libexec/lib/python3.9/site-packages/dbt/include/starter_project
[0m10:08:53.551161 [info ] [MainThread]: Profile demo_dbt written to /Users/mikhailmaniagin/.dbt/profiles.yml using target's sample configuration. Once updated, you'll be able to start developing with dbt.
[0m10:08:53.551420 [info ] [MainThread]: 
Your new dbt project "demo_dbt" was created!

For more information on how to configure the profiles.yml file,
please consult the dbt documentation here:

  https://docs.getdbt.com/docs/configure-your-profile

One more thing:

Need help? Don't hesitate to reach out to us via GitHub issues or on Slack:

  https://community.getdbt.com/

Happy modeling!

[0m10:08:53.551616 [debug] [MainThread]: Sending event: {'category': 'dbt', 'action': 'invocation', 'label': 'end', 'context': [<snowplow_tracker.self_describing_json.SelfDescribingJson object at 0x109925b50>, <snowplow_tracker.self_describing_json.SelfDescribingJson object at 0x109877fd0>, <snowplow_tracker.self_describing_json.SelfDescribingJson object at 0x10985fdf0>]}
[0m10:08:53.551778 [debug] [MainThread]: Flushing usage events


============================== 2023-01-16 10:31:36.383326 | 5ae0655c-5925-4fe3-a381-21114d99915b ==============================
[0m10:31:36.383331 [info ] [MainThread]: Running with dbt=1.3.1
[0m10:31:36.383558 [debug] [MainThread]: running dbt with arguments {'write_json': True, 'use_colors': True, 'printer_width': 80, 'version_check': True, 'partial_parse': True, 'static_parser': True, 'profiles_dir': '/Users/mikhailmaniagin/.dbt', 'send_anonymous_usage_stats': True, 'event_buffer_size': 100000, 'quiet': False, 'no_print': False, 'config_dir': False, 'which': 'debug', 'indirect_selection': 'eager'}
[0m10:31:36.383628 [debug] [MainThread]: Tracking: tracking
[0m10:31:36.395643 [debug] [MainThread]: Sending event: {'category': 'dbt', 'action': 'invocation', 'label': 'start', 'context': [<snowplow_tracker.self_describing_json.SelfDescribingJson object at 0x1072f39a0>, <snowplow_tracker.self_describing_json.SelfDescribingJson object at 0x1072d41f0>, <snowplow_tracker.self_describing_json.SelfDescribingJson object at 0x1072d4550>]}
[0m10:31:36.432015 [debug] [MainThread]: Executing "git --help"
[0m10:31:36.440143 [debug] [MainThread]: STDOUT: "b"usage: git [-v | --version] [-h | --help] [-C <path>] [-c <name>=<value>]\n           [--exec-path[=<path>]] [--html-path] [--man-path] [--info-path]\n           [-p | --paginate | -P | --no-pager] [--no-replace-objects] [--bare]\n           [--git-dir=<path>] [--work-tree=<path>] [--namespace=<name>]\n           [--super-prefix=<path>] [--config-env=<name>=<envvar>]\n           <command> [<args>]\n\nThese are common Git commands used in various situations:\n\nstart a working area (see also: git help tutorial)\n   clone     Clone a repository into a new directory\n   init      Create an empty Git repository or reinitialize an existing one\n\nwork on the current change (see also: git help everyday)\n   add       Add file contents to the index\n   mv        Move or rename a file, a directory, or a symlink\n   restore   Restore working tree files\n   rm        Remove files from the working tree and from the index\n\nexamine the history and state (see also: git help revisions)\n   bisect    Use binary search to find the commit that introduced a bug\n   diff      Show changes between commits, commit and working tree, etc\n   grep      Print lines matching a pattern\n   log       Show commit logs\n   show      Show various types of objects\n   status    Show the working tree status\n\ngrow, mark and tweak your common history\n   branch    List, create, or delete branches\n   commit    Record changes to the repository\n   merge     Join two or more development histories together\n   rebase    Reapply commits on top of another base tip\n   reset     Reset current HEAD to the specified state\n   switch    Switch branches\n   tag       Create, list, delete or verify a tag object signed with GPG\n\ncollaborate (see also: git help workflows)\n   fetch     Download objects and refs from another repository\n   pull      Fetch from and integrate with another repository or a local branch\n   push      Update remote refs along with associated objects\n\n'git help -a' and 'git help -g' list available subcommands and some\nconcept guides. See 'git help <command>' or 'git help <concept>'\nto read about a specific subcommand or concept.\nSee 'git help git' for an overview of the system.\n""
[0m10:31:36.440691 [debug] [MainThread]: STDERR: "b''"
[0m10:31:36.761483 [debug] [MainThread]: Acquiring new postgres connection "debug"
[0m10:31:36.763239 [debug] [MainThread]: Using postgres connection "debug"
[0m10:31:36.763461 [debug] [MainThread]: On debug: select 1 as id
[0m10:31:36.763722 [debug] [MainThread]: Opening a new connection, currently in state init
[0m10:31:36.888416 [debug] [MainThread]: SQL status: SELECT 1 in 0.12 seconds
[0m10:31:36.889795 [debug] [MainThread]: On debug: Close
[0m10:31:36.890166 [debug] [MainThread]: Sending event: {'category': 'dbt', 'action': 'invocation', 'label': 'end', 'context': [<snowplow_tracker.self_describing_json.SelfDescribingJson object at 0x107663100>, <snowplow_tracker.self_describing_json.SelfDescribingJson object at 0x1076634f0>, <snowplow_tracker.self_describing_json.SelfDescribingJson object at 0x107663ac0>]}
[0m10:31:36.890446 [debug] [MainThread]: Flushing usage events
[0m10:31:37.603701 [debug] [MainThread]: Connection 'debug' was properly closed.
